2020-10-02T22:19:47+00:00 CRITICAL Uncaught Error: Call to undefined function themerex_strlen() in /Users/xinyin/Project/bryan/7samuraisakeonline.com.au/wp-content/plugins/trx_utils/trx_utils.php:542
Stack trace:
#0 /Users/xinyin/Project/bryan/7samuraisakeonline.com.au/wp-content/plugins/trx_utils/trx_utils.php(557): themerex_strtoproper('widgets')
#1 /Users/xinyin/Project/bryan/7samuraisakeonline.com.au/wp-content/plugins/trx_utils/widgets/recent_posts.php(39): themerex_add_thumb_sizes(Array)
#2 /Users/xinyin/Project/bryan/7samuraisakeonline.com.au/wp-includes/class-wp-widget-factory.php(61): themerex_widget_recent_posts->__construct()
#3 /Users/xinyin/Project/bryan/7samuraisakeonline.com.au/wp-includes/widgets.php(115): WP_Widget_Factory->register('themerex_widget...')
#4 /Users/xinyin/Project/bryan/7samuraisakeonline.com.au/wp-content/plugins/trx_utils/widgets/recent_posts.php(11): register_widget('themerex_widget...')
#5 /Users/xinyin/Project/bryan/7samuraisakeonline.com.au/wp-includes/class-wp-hook.php(287): themerex_widget_recent_posts_l in /Users/xinyin/Project/bryan/7samuraisakeonline.com.au/wp-content/plugins/trx_utils/trx_utils.php on line 542

2020-10-02T22:21:33+00:00 CRITICAL Uncaught Error: Call to undefined function themerex_strlen() in /Users/xinyin/Project/bryan/7samuraisakeonline.com.au/wp-content/plugins/trx_utils/trx_utils.php:542
Stack trace:
#0 /Users/xinyin/Project/bryan/7samuraisakeonline.com.au/wp-content/plugins/trx_utils/trx_utils.php(557): themerex_strtoproper('widgets')
#1 /Users/xinyin/Project/bryan/7samuraisakeonline.com.au/wp-content/plugins/trx_utils/widgets/recent_posts.php(39): themerex_add_thumb_sizes(Array)
#2 /Users/xinyin/Project/bryan/7samuraisakeonline.com.au/wp-includes/class-wp-widget-factory.php(61): themerex_widget_recent_posts->__construct()
#3 /Users/xinyin/Project/bryan/7samuraisakeonline.com.au/wp-includes/widgets.php(115): WP_Widget_Factory->register('themerex_widget...')
#4 /Users/xinyin/Project/bryan/7samuraisakeonline.com.au/wp-content/plugins/trx_utils/widgets/recent_posts.php(11): register_widget('themerex_widget...')
#5 /Users/xinyin/Project/bryan/7samuraisakeonline.com.au/wp-includes/class-wp-hook.php(287): themerex_widget_recent_posts_l in /Users/xinyin/Project/bryan/7samuraisakeonline.com.au/wp-content/plugins/trx_utils/trx_utils.php on line 542

2020-10-02T22:23:33+00:00 CRITICAL Uncaught Error: Call to undefined function themerex_strlen() in /Users/xinyin/Project/bryan/7samuraisakeonline.com.au/wp-content/plugins/trx_utils/trx_utils.php:542
Stack trace:
#0 /Users/xinyin/Project/bryan/7samuraisakeonline.com.au/wp-content/plugins/trx_utils/trx_utils.php(557): themerex_strtoproper('widgets')
#1 /Users/xinyin/Project/bryan/7samuraisakeonline.com.au/wp-content/plugins/trx_utils/widgets/recent_posts.php(39): themerex_add_thumb_sizes(Array)
#2 /Users/xinyin/Project/bryan/7samuraisakeonline.com.au/wp-includes/class-wp-widget-factory.php(61): themerex_widget_recent_posts->__construct()
#3 /Users/xinyin/Project/bryan/7samuraisakeonline.com.au/wp-includes/widgets.php(115): WP_Widget_Factory->register('themerex_widget...')
#4 /Users/xinyin/Project/bryan/7samuraisakeonline.com.au/wp-content/plugins/trx_utils/widgets/recent_posts.php(11): register_widget('themerex_widget...')
#5 /Users/xinyin/Project/bryan/7samuraisakeonline.com.au/wp-includes/class-wp-hook.php(287): themerex_widget_recent_posts_l in /Users/xinyin/Project/bryan/7samuraisakeonline.com.au/wp-content/plugins/trx_utils/trx_utils.php on line 542

2020-10-02T22:25:34+00:00 CRITICAL Uncaught Error: Call to undefined function themerex_strlen() in /Users/xinyin/Project/bryan/7samuraisakeonline.com.au/wp-content/plugins/trx_utils/trx_utils.php:542
Stack trace:
#0 /Users/xinyin/Project/bryan/7samuraisakeonline.com.au/wp-content/plugins/trx_utils/trx_utils.php(557): themerex_strtoproper('widgets')
#1 /Users/xinyin/Project/bryan/7samuraisakeonline.com.au/wp-content/plugins/trx_utils/widgets/recent_posts.php(39): themerex_add_thumb_sizes(Array)
#2 /Users/xinyin/Project/bryan/7samuraisakeonline.com.au/wp-includes/class-wp-widget-factory.php(61): themerex_widget_recent_posts->__construct()
#3 /Users/xinyin/Project/bryan/7samuraisakeonline.com.au/wp-includes/widgets.php(115): WP_Widget_Factory->register('themerex_widget...')
#4 /Users/xinyin/Project/bryan/7samuraisakeonline.com.au/wp-content/plugins/trx_utils/widgets/recent_posts.php(11): register_widget('themerex_widget...')
#5 /Users/xinyin/Project/bryan/7samuraisakeonline.com.au/wp-includes/class-wp-hook.php(287): themerex_widget_recent_posts_l in /Users/xinyin/Project/bryan/7samuraisakeonline.com.au/wp-content/plugins/trx_utils/trx_utils.php on line 542

2020-10-02T22:26:37+00:00 CRITICAL Uncaught Error: Call to undefined function themerex_strlen() in /Users/xinyin/Project/bryan/7samuraisakeonline.com.au/wp-content/plugins/trx_utils/trx_utils.php:542
Stack trace:
#0 /Users/xinyin/Project/bryan/7samuraisakeonline.com.au/wp-content/plugins/trx_utils/trx_utils.php(557): themerex_strtoproper('widgets')
#1 /Users/xinyin/Project/bryan/7samuraisakeonline.com.au/wp-content/plugins/trx_utils/widgets/recent_posts.php(39): themerex_add_thumb_sizes(Array)
#2 /Users/xinyin/Project/bryan/7samuraisakeonline.com.au/wp-includes/class-wp-widget-factory.php(61): themerex_widget_recent_posts->__construct()
#3 /Users/xinyin/Project/bryan/7samuraisakeonline.com.au/wp-includes/widgets.php(115): WP_Widget_Factory->register('themerex_widget...')
#4 /Users/xinyin/Project/bryan/7samuraisakeonline.com.au/wp-content/plugins/trx_utils/widgets/recent_posts.php(11): register_widget('themerex_widget...')
#5 /Users/xinyin/Project/bryan/7samuraisakeonline.com.au/wp-includes/class-wp-hook.php(287): themerex_widget_recent_posts_l in /Users/xinyin/Project/bryan/7samuraisakeonline.com.au/wp-content/plugins/trx_utils/trx_utils.php on line 542

2020-10-02T22:27:28+00:00 CRITICAL Uncaught Error: Call to undefined function themerex_strlen() in /Users/xinyin/Project/bryan/7samuraisakeonline.com.au/wp-content/plugins/trx_utils/trx_utils.php:542
Stack trace:
#0 /Users/xinyin/Project/bryan/7samuraisakeonline.com.au/wp-content/plugins/trx_utils/trx_utils.php(557): themerex_strtoproper('widgets')
#1 /Users/xinyin/Project/bryan/7samuraisakeonline.com.au/wp-content/plugins/trx_utils/widgets/recent_posts.php(39): themerex_add_thumb_sizes(Array)
#2 /Users/xinyin/Project/bryan/7samuraisakeonline.com.au/wp-includes/class-wp-widget-factory.php(61): themerex_widget_recent_posts->__construct()
#3 /Users/xinyin/Project/bryan/7samuraisakeonline.com.au/wp-includes/widgets.php(115): WP_Widget_Factory->register('themerex_widget...')
#4 /Users/xinyin/Project/bryan/7samuraisakeonline.com.au/wp-content/plugins/trx_utils/widgets/recent_posts.php(11): register_widget('themerex_widget...')
#5 /Users/xinyin/Project/bryan/7samuraisakeonline.com.au/wp-includes/class-wp-hook.php(287): themerex_widget_recent_posts_l in /Users/xinyin/Project/bryan/7samuraisakeonline.com.au/wp-content/plugins/trx_utils/trx_utils.php on line 542

2020-10-02T22:27:37+00:00 CRITICAL Uncaught Error: Call to undefined function themerex_strlen() in /Users/xinyin/Project/bryan/7samuraisakeonline.com.au/wp-content/plugins/trx_utils/trx_utils.php:542
Stack trace:
#0 /Users/xinyin/Project/bryan/7samuraisakeonline.com.au/wp-content/plugins/trx_utils/trx_utils.php(557): themerex_strtoproper('widgets')
#1 /Users/xinyin/Project/bryan/7samuraisakeonline.com.au/wp-content/plugins/trx_utils/widgets/recent_posts.php(39): themerex_add_thumb_sizes(Array)
#2 /Users/xinyin/Project/bryan/7samuraisakeonline.com.au/wp-includes/class-wp-widget-factory.php(61): themerex_widget_recent_posts->__construct()
#3 /Users/xinyin/Project/bryan/7samuraisakeonline.com.au/wp-includes/widgets.php(115): WP_Widget_Factory->register('themerex_widget...')
#4 /Users/xinyin/Project/bryan/7samuraisakeonline.com.au/wp-content/plugins/trx_utils/widgets/recent_posts.php(11): register_widget('themerex_widget...')
#5 /Users/xinyin/Project/bryan/7samuraisakeonline.com.au/wp-includes/class-wp-hook.php(287): themerex_widget_recent_posts_l in /Users/xinyin/Project/bryan/7samuraisakeonline.com.au/wp-content/plugins/trx_utils/trx_utils.php on line 542

2020-10-02T22:29:07+00:00 CRITICAL Uncaught Error: Call to undefined function themerex_strlen() in /Users/xinyin/Project/bryan/7samuraisakeonline.com.au/wp-content/plugins/trx_utils/trx_utils.php:542
Stack trace:
#0 /Users/xinyin/Project/bryan/7samuraisakeonline.com.au/wp-content/plugins/trx_utils/trx_utils.php(557): themerex_strtoproper('widgets')
#1 /Users/xinyin/Project/bryan/7samuraisakeonline.com.au/wp-content/plugins/trx_utils/widgets/recent_posts.php(39): themerex_add_thumb_sizes(Array)
#2 /Users/xinyin/Project/bryan/7samuraisakeonline.com.au/wp-includes/class-wp-widget-factory.php(61): themerex_widget_recent_posts->__construct()
#3 /Users/xinyin/Project/bryan/7samuraisakeonline.com.au/wp-includes/widgets.php(115): WP_Widget_Factory->register('themerex_widget...')
#4 /Users/xinyin/Project/bryan/7samuraisakeonline.com.au/wp-content/plugins/trx_utils/widgets/recent_posts.php(11): register_widget('themerex_widget...')
#5 /Users/xinyin/Project/bryan/7samuraisakeonline.com.au/wp-includes/class-wp-hook.php(287): themerex_widget_recent_posts_l in /Users/xinyin/Project/bryan/7samuraisakeonline.com.au/wp-content/plugins/trx_utils/trx_utils.php on line 542

2020-10-02T22:29:29+00:00 CRITICAL Uncaught Error: Call to undefined function themerex_strlen() in /Users/xinyin/Project/bryan/7samuraisakeonline.com.au/wp-content/plugins/trx_utils/trx_utils.php:542
Stack trace:
#0 /Users/xinyin/Project/bryan/7samuraisakeonline.com.au/wp-content/plugins/trx_utils/trx_utils.php(557): themerex_strtoproper('widgets')
#1 /Users/xinyin/Project/bryan/7samuraisakeonline.com.au/wp-content/plugins/trx_utils/widgets/recent_posts.php(39): themerex_add_thumb_sizes(Array)
#2 /Users/xinyin/Project/bryan/7samuraisakeonline.com.au/wp-includes/class-wp-widget-factory.php(61): themerex_widget_recent_posts->__construct()
#3 /Users/xinyin/Project/bryan/7samuraisakeonline.com.au/wp-includes/widgets.php(115): WP_Widget_Factory->register('themerex_widget...')
#4 /Users/xinyin/Project/bryan/7samuraisakeonline.com.au/wp-content/plugins/trx_utils/widgets/recent_posts.php(11): register_widget('themerex_widget...')
#5 /Users/xinyin/Project/bryan/7samuraisakeonline.com.au/wp-includes/class-wp-hook.php(287): themerex_widget_recent_posts_l in /Users/xinyin/Project/bryan/7samuraisakeonline.com.au/wp-content/plugins/trx_utils/trx_utils.php on line 542

2020-10-02T22:30:08+00:00 CRITICAL Uncaught Error: Call to undefined function themerex_strlen() in /Users/xinyin/Project/bryan/7samuraisakeonline.com.au/wp-content/plugins/trx_utils/trx_utils.php:542
Stack trace:
#0 /Users/xinyin/Project/bryan/7samuraisakeonline.com.au/wp-content/plugins/trx_utils/trx_utils.php(557): themerex_strtoproper('widgets')
#1 /Users/xinyin/Project/bryan/7samuraisakeonline.com.au/wp-content/plugins/trx_utils/widgets/recent_posts.php(39): themerex_add_thumb_sizes(Array)
#2 /Users/xinyin/Project/bryan/7samuraisakeonline.com.au/wp-includes/class-wp-widget-factory.php(61): themerex_widget_recent_posts->__construct()
#3 /Users/xinyin/Project/bryan/7samuraisakeonline.com.au/wp-includes/widgets.php(115): WP_Widget_Factory->register('themerex_widget...')
#4 /Users/xinyin/Project/bryan/7samuraisakeonline.com.au/wp-content/plugins/trx_utils/widgets/recent_posts.php(11): register_widget('themerex_widget...')
#5 /Users/xinyin/Project/bryan/7samuraisakeonline.com.au/wp-includes/class-wp-hook.php(287): themerex_widget_recent_posts_l in /Users/xinyin/Project/bryan/7samuraisakeonline.com.au/wp-content/plugins/trx_utils/trx_utils.php on line 542

2020-10-02T22:31:08+00:00 CRITICAL Uncaught Error: Call to undefined function themerex_strlen() in /Users/xinyin/Project/bryan/7samuraisakeonline.com.au/wp-content/plugins/trx_utils/trx_utils.php:542
Stack trace:
#0 /Users/xinyin/Project/bryan/7samuraisakeonline.com.au/wp-content/plugins/trx_utils/trx_utils.php(557): themerex_strtoproper('widgets')
#1 /Users/xinyin/Project/bryan/7samuraisakeonline.com.au/wp-content/plugins/trx_utils/widgets/recent_posts.php(39): themerex_add_thumb_sizes(Array)
#2 /Users/xinyin/Project/bryan/7samuraisakeonline.com.au/wp-includes/class-wp-widget-factory.php(61): themerex_widget_recent_posts->__construct()
#3 /Users/xinyin/Project/bryan/7samuraisakeonline.com.au/wp-includes/widgets.php(115): WP_Widget_Factory->register('themerex_widget...')
#4 /Users/xinyin/Project/bryan/7samuraisakeonline.com.au/wp-content/plugins/trx_utils/widgets/recent_posts.php(11): register_widget('themerex_widget...')
#5 /Users/xinyin/Project/bryan/7samuraisakeonline.com.au/wp-includes/class-wp-hook.php(287): themerex_widget_recent_posts_l in /Users/xinyin/Project/bryan/7samuraisakeonline.com.au/wp-content/plugins/trx_utils/trx_utils.php on line 542

2020-10-02T22:31:30+00:00 CRITICAL Uncaught Error: Call to undefined function themerex_strlen() in /Users/xinyin/Project/bryan/7samuraisakeonline.com.au/wp-content/plugins/trx_utils/trx_utils.php:542
Stack trace:
#0 /Users/xinyin/Project/bryan/7samuraisakeonline.com.au/wp-content/plugins/trx_utils/trx_utils.php(557): themerex_strtoproper('widgets')
#1 /Users/xinyin/Project/bryan/7samuraisakeonline.com.au/wp-content/plugins/trx_utils/widgets/recent_posts.php(39): themerex_add_thumb_sizes(Array)
#2 /Users/xinyin/Project/bryan/7samuraisakeonline.com.au/wp-includes/class-wp-widget-factory.php(61): themerex_widget_recent_posts->__construct()
#3 /Users/xinyin/Project/bryan/7samuraisakeonline.com.au/wp-includes/widgets.php(115): WP_Widget_Factory->register('themerex_widget...')
#4 /Users/xinyin/Project/bryan/7samuraisakeonline.com.au/wp-content/plugins/trx_utils/widgets/recent_posts.php(11): register_widget('themerex_widget...')
#5 /Users/xinyin/Project/bryan/7samuraisakeonline.com.au/wp-includes/class-wp-hook.php(287): themerex_widget_recent_posts_l in /Users/xinyin/Project/bryan/7samuraisakeonline.com.au/wp-content/plugins/trx_utils/trx_utils.php on line 542

2020-10-02T22:32:08+00:00 CRITICAL Uncaught Error: Call to undefined function themerex_strlen() in /Users/xinyin/Project/bryan/7samuraisakeonline.com.au/wp-content/plugins/trx_utils/trx_utils.php:542
Stack trace:
#0 /Users/xinyin/Project/bryan/7samuraisakeonline.com.au/wp-content/plugins/trx_utils/trx_utils.php(557): themerex_strtoproper('widgets')
#1 /Users/xinyin/Project/bryan/7samuraisakeonline.com.au/wp-content/plugins/trx_utils/widgets/recent_posts.php(39): themerex_add_thumb_sizes(Array)
#2 /Users/xinyin/Project/bryan/7samuraisakeonline.com.au/wp-includes/class-wp-widget-factory.php(61): themerex_widget_recent_posts->__construct()
#3 /Users/xinyin/Project/bryan/7samuraisakeonline.com.au/wp-includes/widgets.php(115): WP_Widget_Factory->register('themerex_widget...')
#4 /Users/xinyin/Project/bryan/7samuraisakeonline.com.au/wp-content/plugins/trx_utils/widgets/recent_posts.php(11): register_widget('themerex_widget...')
#5 /Users/xinyin/Project/bryan/7samuraisakeonline.com.au/wp-includes/class-wp-hook.php(287): themerex_widget_recent_posts_l in /Users/xinyin/Project/bryan/7samuraisakeonline.com.au/wp-content/plugins/trx_utils/trx_utils.php on line 542

2020-10-02T22:33:08+00:00 CRITICAL Uncaught Error: Call to undefined function themerex_strlen() in /Users/xinyin/Project/bryan/7samuraisakeonline.com.au/wp-content/plugins/trx_utils/trx_utils.php:542
Stack trace:
#0 /Users/xinyin/Project/bryan/7samuraisakeonline.com.au/wp-content/plugins/trx_utils/trx_utils.php(557): themerex_strtoproper('widgets')
#1 /Users/xinyin/Project/bryan/7samuraisakeonline.com.au/wp-content/plugins/trx_utils/widgets/recent_posts.php(39): themerex_add_thumb_sizes(Array)
#2 /Users/xinyin/Project/bryan/7samuraisakeonline.com.au/wp-includes/class-wp-widget-factory.php(61): themerex_widget_recent_posts->__construct()
#3 /Users/xinyin/Project/bryan/7samuraisakeonline.com.au/wp-includes/widgets.php(115): WP_Widget_Factory->register('themerex_widget...')
#4 /Users/xinyin/Project/bryan/7samuraisakeonline.com.au/wp-content/plugins/trx_utils/widgets/recent_posts.php(11): register_widget('themerex_widget...')
#5 /Users/xinyin/Project/bryan/7samuraisakeonline.com.au/wp-includes/class-wp-hook.php(287): themerex_widget_recent_posts_l in /Users/xinyin/Project/bryan/7samuraisakeonline.com.au/wp-content/plugins/trx_utils/trx_utils.php on line 542

2020-10-02T22:33:31+00:00 CRITICAL Uncaught Error: Call to undefined function themerex_strlen() in /Users/xinyin/Project/bryan/7samuraisakeonline.com.au/wp-content/plugins/trx_utils/trx_utils.php:542
Stack trace:
#0 /Users/xinyin/Project/bryan/7samuraisakeonline.com.au/wp-content/plugins/trx_utils/trx_utils.php(557): themerex_strtoproper('widgets')
#1 /Users/xinyin/Project/bryan/7samuraisakeonline.com.au/wp-content/plugins/trx_utils/widgets/recent_posts.php(39): themerex_add_thumb_sizes(Array)
#2 /Users/xinyin/Project/bryan/7samuraisakeonline.com.au/wp-includes/class-wp-widget-factory.php(61): themerex_widget_recent_posts->__construct()
#3 /Users/xinyin/Project/bryan/7samuraisakeonline.com.au/wp-includes/widgets.php(115): WP_Widget_Factory->register('themerex_widget...')
#4 /Users/xinyin/Project/bryan/7samuraisakeonline.com.au/wp-content/plugins/trx_utils/widgets/recent_posts.php(11): register_widget('themerex_widget...')
#5 /Users/xinyin/Project/bryan/7samuraisakeonline.com.au/wp-includes/class-wp-hook.php(287): themerex_widget_recent_posts_l in /Users/xinyin/Project/bryan/7samuraisakeonline.com.au/wp-content/plugins/trx_utils/trx_utils.php on line 542

2020-10-02T22:34:08+00:00 CRITICAL Uncaught Error: Call to undefined function themerex_strlen() in /Users/xinyin/Project/bryan/7samuraisakeonline.com.au/wp-content/plugins/trx_utils/trx_utils.php:542
Stack trace:
#0 /Users/xinyin/Project/bryan/7samuraisakeonline.com.au/wp-content/plugins/trx_utils/trx_utils.php(557): themerex_strtoproper('widgets')
#1 /Users/xinyin/Project/bryan/7samuraisakeonline.com.au/wp-content/plugins/trx_utils/widgets/recent_posts.php(39): themerex_add_thumb_sizes(Array)
#2 /Users/xinyin/Project/bryan/7samuraisakeonline.com.au/wp-includes/class-wp-widget-factory.php(61): themerex_widget_recent_posts->__construct()
#3 /Users/xinyin/Project/bryan/7samuraisakeonline.com.au/wp-includes/widgets.php(115): WP_Widget_Factory->register('themerex_widget...')
#4 /Users/xinyin/Project/bryan/7samuraisakeonline.com.au/wp-content/plugins/trx_utils/widgets/recent_posts.php(11): register_widget('themerex_widget...')
#5 /Users/xinyin/Project/bryan/7samuraisakeonline.com.au/wp-includes/class-wp-hook.php(287): themerex_widget_recent_posts_l in /Users/xinyin/Project/bryan/7samuraisakeonline.com.au/wp-content/plugins/trx_utils/trx_utils.php on line 542

2020-10-02T22:35:08+00:00 CRITICAL Uncaught Error: Call to undefined function themerex_strlen() in /Users/xinyin/Project/bryan/7samuraisakeonline.com.au/wp-content/plugins/trx_utils/trx_utils.php:542
Stack trace:
#0 /Users/xinyin/Project/bryan/7samuraisakeonline.com.au/wp-content/plugins/trx_utils/trx_utils.php(557): themerex_strtoproper('widgets')
#1 /Users/xinyin/Project/bryan/7samuraisakeonline.com.au/wp-content/plugins/trx_utils/widgets/recent_posts.php(39): themerex_add_thumb_sizes(Array)
#2 /Users/xinyin/Project/bryan/7samuraisakeonline.com.au/wp-includes/class-wp-widget-factory.php(61): themerex_widget_recent_posts->__construct()
#3 /Users/xinyin/Project/bryan/7samuraisakeonline.com.au/wp-includes/widgets.php(115): WP_Widget_Factory->register('themerex_widget...')
#4 /Users/xinyin/Project/bryan/7samuraisakeonline.com.au/wp-content/plugins/trx_utils/widgets/recent_posts.php(11): register_widget('themerex_widget...')
#5 /Users/xinyin/Project/bryan/7samuraisakeonline.com.au/wp-includes/class-wp-hook.php(287): themerex_widget_recent_posts_l in /Users/xinyin/Project/bryan/7samuraisakeonline.com.au/wp-content/plugins/trx_utils/trx_utils.php on line 542

2020-10-02T22:35:32+00:00 CRITICAL Uncaught Error: Call to undefined function themerex_strlen() in /Users/xinyin/Project/bryan/7samuraisakeonline.com.au/wp-content/plugins/trx_utils/trx_utils.php:542
Stack trace:
#0 /Users/xinyin/Project/bryan/7samuraisakeonline.com.au/wp-content/plugins/trx_utils/trx_utils.php(557): themerex_strtoproper('widgets')
#1 /Users/xinyin/Project/bryan/7samuraisakeonline.com.au/wp-content/plugins/trx_utils/widgets/recent_posts.php(39): themerex_add_thumb_sizes(Array)
#2 /Users/xinyin/Project/bryan/7samuraisakeonline.com.au/wp-includes/class-wp-widget-factory.php(61): themerex_widget_recent_posts->__construct()
#3 /Users/xinyin/Project/bryan/7samuraisakeonline.com.au/wp-includes/widgets.php(115): WP_Widget_Factory->register('themerex_widget...')
#4 /Users/xinyin/Project/bryan/7samuraisakeonline.com.au/wp-content/plugins/trx_utils/widgets/recent_posts.php(11): register_widget('themerex_widget...')
#5 /Users/xinyin/Project/bryan/7samuraisakeonline.com.au/wp-includes/class-wp-hook.php(287): themerex_widget_recent_posts_l in /Users/xinyin/Project/bryan/7samuraisakeonline.com.au/wp-content/plugins/trx_utils/trx_utils.php on line 542

2020-10-02T22:36:08+00:00 CRITICAL Uncaught Error: Call to undefined function themerex_strlen() in /Users/xinyin/Project/bryan/7samuraisakeonline.com.au/wp-content/plugins/trx_utils/trx_utils.php:542
Stack trace:
#0 /Users/xinyin/Project/bryan/7samuraisakeonline.com.au/wp-content/plugins/trx_utils/trx_utils.php(557): themerex_strtoproper('widgets')
#1 /Users/xinyin/Project/bryan/7samuraisakeonline.com.au/wp-content/plugins/trx_utils/widgets/recent_posts.php(39): themerex_add_thumb_sizes(Array)
#2 /Users/xinyin/Project/bryan/7samuraisakeonline.com.au/wp-includes/class-wp-widget-factory.php(61): themerex_widget_recent_posts->__construct()
#3 /Users/xinyin/Project/bryan/7samuraisakeonline.com.au/wp-includes/widgets.php(115): WP_Widget_Factory->register('themerex_widget...')
#4 /Users/xinyin/Project/bryan/7samuraisakeonline.com.au/wp-content/plugins/trx_utils/widgets/recent_posts.php(11): register_widget('themerex_widget...')
#5 /Users/xinyin/Project/bryan/7samuraisakeonline.com.au/wp-includes/class-wp-hook.php(287): themerex_widget_recent_posts_l in /Users/xinyin/Project/bryan/7samuraisakeonline.com.au/wp-content/plugins/trx_utils/trx_utils.php on line 542

2020-10-02T22:37:08+00:00 CRITICAL Uncaught Error: Call to undefined function themerex_strlen() in /Users/xinyin/Project/bryan/7samuraisakeonline.com.au/wp-content/plugins/trx_utils/trx_utils.php:542
Stack trace:
#0 /Users/xinyin/Project/bryan/7samuraisakeonline.com.au/wp-content/plugins/trx_utils/trx_utils.php(557): themerex_strtoproper('widgets')
#1 /Users/xinyin/Project/bryan/7samuraisakeonline.com.au/wp-content/plugins/trx_utils/widgets/recent_posts.php(39): themerex_add_thumb_sizes(Array)
#2 /Users/xinyin/Project/bryan/7samuraisakeonline.com.au/wp-includes/class-wp-widget-factory.php(61): themerex_widget_recent_posts->__construct()
#3 /Users/xinyin/Project/bryan/7samuraisakeonline.com.au/wp-includes/widgets.php(115): WP_Widget_Factory->register('themerex_widget...')
#4 /Users/xinyin/Project/bryan/7samuraisakeonline.com.au/wp-content/plugins/trx_utils/widgets/recent_posts.php(11): register_widget('themerex_widget...')
#5 /Users/xinyin/Project/bryan/7samuraisakeonline.com.au/wp-includes/class-wp-hook.php(287): themerex_widget_recent_posts_l in /Users/xinyin/Project/bryan/7samuraisakeonline.com.au/wp-content/plugins/trx_utils/trx_utils.php on line 542

2020-10-02T22:37:33+00:00 CRITICAL Uncaught Error: Call to undefined function themerex_strlen() in /Users/xinyin/Project/bryan/7samuraisakeonline.com.au/wp-content/plugins/trx_utils/trx_utils.php:542
Stack trace:
#0 /Users/xinyin/Project/bryan/7samuraisakeonline.com.au/wp-content/plugins/trx_utils/trx_utils.php(557): themerex_strtoproper('widgets')
#1 /Users/xinyin/Project/bryan/7samuraisakeonline.com.au/wp-content/plugins/trx_utils/widgets/recent_posts.php(39): themerex_add_thumb_sizes(Array)
#2 /Users/xinyin/Project/bryan/7samuraisakeonline.com.au/wp-includes/class-wp-widget-factory.php(61): themerex_widget_recent_posts->__construct()
#3 /Users/xinyin/Project/bryan/7samuraisakeonline.com.au/wp-includes/widgets.php(115): WP_Widget_Factory->register('themerex_widget...')
#4 /Users/xinyin/Project/bryan/7samuraisakeonline.com.au/wp-content/plugins/trx_utils/widgets/recent_posts.php(11): register_widget('themerex_widget...')
#5 /Users/xinyin/Project/bryan/7samuraisakeonline.com.au/wp-includes/class-wp-hook.php(287): themerex_widget_recent_posts_l in /Users/xinyin/Project/bryan/7samuraisakeonline.com.au/wp-content/plugins/trx_utils/trx_utils.php on line 542

2020-10-02T22:38:08+00:00 CRITICAL Uncaught Error: Call to undefined function themerex_strlen() in /Users/xinyin/Project/bryan/7samuraisakeonline.com.au/wp-content/plugins/trx_utils/trx_utils.php:542
Stack trace:
#0 /Users/xinyin/Project/bryan/7samuraisakeonline.com.au/wp-content/plugins/trx_utils/trx_utils.php(557): themerex_strtoproper('widgets')
#1 /Users/xinyin/Project/bryan/7samuraisakeonline.com.au/wp-content/plugins/trx_utils/widgets/recent_posts.php(39): themerex_add_thumb_sizes(Array)
#2 /Users/xinyin/Project/bryan/7samuraisakeonline.com.au/wp-includes/class-wp-widget-factory.php(61): themerex_widget_recent_posts->__construct()
#3 /Users/xinyin/Project/bryan/7samuraisakeonline.com.au/wp-includes/widgets.php(115): WP_Widget_Factory->register('themerex_widget...')
#4 /Users/xinyin/Project/bryan/7samuraisakeonline.com.au/wp-content/plugins/trx_utils/widgets/recent_posts.php(11): register_widget('themerex_widget...')
#5 /Users/xinyin/Project/bryan/7samuraisakeonline.com.au/wp-includes/class-wp-hook.php(287): themerex_widget_recent_posts_l in /Users/xinyin/Project/bryan/7samuraisakeonline.com.au/wp-content/plugins/trx_utils/trx_utils.php on line 542

2020-10-02T22:39:08+00:00 CRITICAL Uncaught Error: Call to undefined function themerex_strlen() in /Users/xinyin/Project/bryan/7samuraisakeonline.com.au/wp-content/plugins/trx_utils/trx_utils.php:542
Stack trace:
#0 /Users/xinyin/Project/bryan/7samuraisakeonline.com.au/wp-content/plugins/trx_utils/trx_utils.php(557): themerex_strtoproper('widgets')
#1 /Users/xinyin/Project/bryan/7samuraisakeonline.com.au/wp-content/plugins/trx_utils/widgets/recent_posts.php(39): themerex_add_thumb_sizes(Array)
#2 /Users/xinyin/Project/bryan/7samuraisakeonline.com.au/wp-includes/class-wp-widget-factory.php(61): themerex_widget_recent_posts->__construct()
#3 /Users/xinyin/Project/bryan/7samuraisakeonline.com.au/wp-includes/widgets.php(115): WP_Widget_Factory->register('themerex_widget...')
#4 /Users/xinyin/Project/bryan/7samuraisakeonline.com.au/wp-content/plugins/trx_utils/widgets/recent_posts.php(11): register_widget('themerex_widget...')
#5 /Users/xinyin/Project/bryan/7samuraisakeonline.com.au/wp-includes/class-wp-hook.php(287): themerex_widget_recent_posts_l in /Users/xinyin/Project/bryan/7samuraisakeonline.com.au/wp-content/plugins/trx_utils/trx_utils.php on line 542

2020-10-02T22:40:08+00:00 CRITICAL Uncaught Error: Call to undefined function themerex_strlen() in /Users/xinyin/Project/bryan/7samuraisakeonline.com.au/wp-content/plugins/trx_utils/trx_utils.php:542
Stack trace:
#0 /Users/xinyin/Project/bryan/7samuraisakeonline.com.au/wp-content/plugins/trx_utils/trx_utils.php(557): themerex_strtoproper('widgets')
#1 /Users/xinyin/Project/bryan/7samuraisakeonline.com.au/wp-content/plugins/trx_utils/widgets/recent_posts.php(39): themerex_add_thumb_sizes(Array)
#2 /Users/xinyin/Project/bryan/7samuraisakeonline.com.au/wp-includes/class-wp-widget-factory.php(61): themerex_widget_recent_posts->__construct()
#3 /Users/xinyin/Project/bryan/7samuraisakeonline.com.au/wp-includes/widgets.php(115): WP_Widget_Factory->register('themerex_widget...')
#4 /Users/xinyin/Project/bryan/7samuraisakeonline.com.au/wp-content/plugins/trx_utils/widgets/recent_posts.php(11): register_widget('themerex_widget...')
#5 /Users/xinyin/Project/bryan/7samuraisakeonline.com.au/wp-includes/class-wp-hook.php(287): themerex_widget_recent_posts_l in /Users/xinyin/Project/bryan/7samuraisakeonline.com.au/wp-content/plugins/trx_utils/trx_utils.php on line 542

2020-10-02T22:41:08+00:00 CRITICAL Uncaught Error: Call to undefined function themerex_strlen() in /Users/xinyin/Project/bryan/7samuraisakeonline.com.au/wp-content/plugins/trx_utils/trx_utils.php:542
Stack trace:
#0 /Users/xinyin/Project/bryan/7samuraisakeonline.com.au/wp-content/plugins/trx_utils/trx_utils.php(557): themerex_strtoproper('widgets')
#1 /Users/xinyin/Project/bryan/7samuraisakeonline.com.au/wp-content/plugins/trx_utils/widgets/recent_posts.php(39): themerex_add_thumb_sizes(Array)
#2 /Users/xinyin/Project/bryan/7samuraisakeonline.com.au/wp-includes/class-wp-widget-factory.php(61): themerex_widget_recent_posts->__construct()
#3 /Users/xinyin/Project/bryan/7samuraisakeonline.com.au/wp-includes/widgets.php(115): WP_Widget_Factory->register('themerex_widget...')
#4 /Users/xinyin/Project/bryan/7samuraisakeonline.com.au/wp-content/plugins/trx_utils/widgets/recent_posts.php(11): register_widget('themerex_widget...')
#5 /Users/xinyin/Project/bryan/7samuraisakeonline.com.au/wp-includes/class-wp-hook.php(287): themerex_widget_recent_posts_l in /Users/xinyin/Project/bryan/7samuraisakeonline.com.au/wp-content/plugins/trx_utils/trx_utils.php on line 542

2020-10-02T22:42:07+00:00 CRITICAL Uncaught Error: Call to undefined function themerex_strlen() in /Users/xinyin/Project/bryan/7samuraisakeonline.com.au/wp-content/plugins/trx_utils/trx_utils.php:542
Stack trace:
#0 /Users/xinyin/Project/bryan/7samuraisakeonline.com.au/wp-content/plugins/trx_utils/trx_utils.php(557): themerex_strtoproper('widgets')
#1 /Users/xinyin/Project/bryan/7samuraisakeonline.com.au/wp-content/plugins/trx_utils/widgets/recent_posts.php(39): themerex_add_thumb_sizes(Array)
#2 /Users/xinyin/Project/bryan/7samuraisakeonline.com.au/wp-includes/class-wp-widget-factory.php(61): themerex_widget_recent_posts->__construct()
#3 /Users/xinyin/Project/bryan/7samuraisakeonline.com.au/wp-includes/widgets.php(115): WP_Widget_Factory->register('themerex_widget...')
#4 /Users/xinyin/Project/bryan/7samuraisakeonline.com.au/wp-content/plugins/trx_utils/widgets/recent_posts.php(11): register_widget('themerex_widget...')
#5 /Users/xinyin/Project/bryan/7samuraisakeonline.com.au/wp-includes/class-wp-hook.php(287): themerex_widget_recent_posts_l in /Users/xinyin/Project/bryan/7samuraisakeonline.com.au/wp-content/plugins/trx_utils/trx_utils.php on line 542

2020-10-02T22:43:09+00:00 CRITICAL Uncaught Error: Call to undefined function themerex_strlen() in /Users/xinyin/Project/bryan/7samuraisakeonline.com.au/wp-content/plugins/trx_utils/trx_utils.php:542
Stack trace:
#0 /Users/xinyin/Project/bryan/7samuraisakeonline.com.au/wp-content/plugins/trx_utils/trx_utils.php(557): themerex_strtoproper('widgets')
#1 /Users/xinyin/Project/bryan/7samuraisakeonline.com.au/wp-content/plugins/trx_utils/widgets/recent_posts.php(39): themerex_add_thumb_sizes(Array)
#2 /Users/xinyin/Project/bryan/7samuraisakeonline.com.au/wp-includes/class-wp-widget-factory.php(61): themerex_widget_recent_posts->__construct()
#3 /Users/xinyin/Project/bryan/7samuraisakeonline.com.au/wp-includes/widgets.php(115): WP_Widget_Factory->register('themerex_widget...')
#4 /Users/xinyin/Project/bryan/7samuraisakeonline.com.au/wp-content/plugins/trx_utils/widgets/recent_posts.php(11): register_widget('themerex_widget...')
#5 /Users/xinyin/Project/bryan/7samuraisakeonline.com.au/wp-includes/class-wp-hook.php(287): themerex_widget_recent_posts_l in /Users/xinyin/Project/bryan/7samuraisakeonline.com.au/wp-content/plugins/trx_utils/trx_utils.php on line 542

2020-10-02T22:45:11+00:00 CRITICAL Uncaught Error: Call to undefined function themerex_strlen() in /Users/xinyin/Project/bryan/7samuraisakeonline.com.au/wp-content/plugins/trx_utils/trx_utils.php:542
Stack trace:
#0 /Users/xinyin/Project/bryan/7samuraisakeonline.com.au/wp-content/plugins/trx_utils/trx_utils.php(557): themerex_strtoproper('widgets')
#1 /Users/xinyin/Project/bryan/7samuraisakeonline.com.au/wp-content/plugins/trx_utils/widgets/recent_posts.php(39): themerex_add_thumb_sizes(Array)
#2 /Users/xinyin/Project/bryan/7samuraisakeonline.com.au/wp-includes/class-wp-widget-factory.php(61): themerex_widget_recent_posts->__construct()
#3 /Users/xinyin/Project/bryan/7samuraisakeonline.com.au/wp-includes/widgets.php(115): WP_Widget_Factory->register('themerex_widget...')
#4 /Users/xinyin/Project/bryan/7samuraisakeonline.com.au/wp-content/plugins/trx_utils/widgets/recent_posts.php(11): register_widget('themerex_widget...')
#5 /Users/xinyin/Project/bryan/7samuraisakeonline.com.au/wp-includes/class-wp-hook.php(287): themerex_widget_recent_posts_l in /Users/xinyin/Project/bryan/7samuraisakeonline.com.au/wp-content/plugins/trx_utils/trx_utils.php on line 542

2020-10-02T22:47:12+00:00 CRITICAL Uncaught Error: Call to undefined function themerex_strlen() in /Users/xinyin/Project/bryan/7samuraisakeonline.com.au/wp-content/plugins/trx_utils/trx_utils.php:542
Stack trace:
#0 /Users/xinyin/Project/bryan/7samuraisakeonline.com.au/wp-content/plugins/trx_utils/trx_utils.php(557): themerex_strtoproper('widgets')
#1 /Users/xinyin/Project/bryan/7samuraisakeonline.com.au/wp-content/plugins/trx_utils/widgets/recent_posts.php(39): themerex_add_thumb_sizes(Array)
#2 /Users/xinyin/Project/bryan/7samuraisakeonline.com.au/wp-includes/class-wp-widget-factory.php(61): themerex_widget_recent_posts->__construct()
#3 /Users/xinyin/Project/bryan/7samuraisakeonline.com.au/wp-includes/widgets.php(115): WP_Widget_Factory->register('themerex_widget...')
#4 /Users/xinyin/Project/bryan/7samuraisakeonline.com.au/wp-content/plugins/trx_utils/widgets/recent_posts.php(11): register_widget('themerex_widget...')
#5 /Users/xinyin/Project/bryan/7samuraisakeonline.com.au/wp-includes/class-wp-hook.php(287): themerex_widget_recent_posts_l in /Users/xinyin/Project/bryan/7samuraisakeonline.com.au/wp-content/plugins/trx_utils/trx_utils.php on line 542

2020-10-02T22:49:15+00:00 CRITICAL Uncaught Error: Call to undefined function themerex_strlen() in /Users/xinyin/Project/bryan/7samuraisakeonline.com.au/wp-content/plugins/trx_utils/trx_utils.php:542
Stack trace:
#0 /Users/xinyin/Project/bryan/7samuraisakeonline.com.au/wp-content/plugins/trx_utils/trx_utils.php(557): themerex_strtoproper('widgets')
#1 /Users/xinyin/Project/bryan/7samuraisakeonline.com.au/wp-content/plugins/trx_utils/widgets/recent_posts.php(39): themerex_add_thumb_sizes(Array)
#2 /Users/xinyin/Project/bryan/7samuraisakeonline.com.au/wp-includes/class-wp-widget-factory.php(61): themerex_widget_recent_posts->__construct()
#3 /Users/xinyin/Project/bryan/7samuraisakeonline.com.au/wp-includes/widgets.php(115): WP_Widget_Factory->register('themerex_widget...')
#4 /Users/xinyin/Project/bryan/7samuraisakeonline.com.au/wp-content/plugins/trx_utils/widgets/recent_posts.php(11): register_widget('themerex_widget...')
#5 /Users/xinyin/Project/bryan/7samuraisakeonline.com.au/wp-includes/class-wp-hook.php(287): themerex_widget_recent_posts_l in /Users/xinyin/Project/bryan/7samuraisakeonline.com.au/wp-content/plugins/trx_utils/trx_utils.php on line 542

2020-10-02T22:51:19+00:00 CRITICAL Uncaught Error: Call to undefined function themerex_strlen() in /Users/xinyin/Project/bryan/7samuraisakeonline.com.au/wp-content/plugins/trx_utils/trx_utils.php:542
Stack trace:
#0 /Users/xinyin/Project/bryan/7samuraisakeonline.com.au/wp-content/plugins/trx_utils/trx_utils.php(557): themerex_strtoproper('widgets')
#1 /Users/xinyin/Project/bryan/7samuraisakeonline.com.au/wp-content/plugins/trx_utils/widgets/recent_posts.php(39): themerex_add_thumb_sizes(Array)
#2 /Users/xinyin/Project/bryan/7samuraisakeonline.com.au/wp-includes/class-wp-widget-factory.php(61): themerex_widget_recent_posts->__construct()
#3 /Users/xinyin/Project/bryan/7samuraisakeonline.com.au/wp-includes/widgets.php(115): WP_Widget_Factory->register('themerex_widget...')
#4 /Users/xinyin/Project/bryan/7samuraisakeonline.com.au/wp-content/plugins/trx_utils/widgets/recent_posts.php(11): register_widget('themerex_widget...')
#5 /Users/xinyin/Project/bryan/7samuraisakeonline.com.au/wp-includes/class-wp-hook.php(287): themerex_widget_recent_posts_l in /Users/xinyin/Project/bryan/7samuraisakeonline.com.au/wp-content/plugins/trx_utils/trx_utils.php on line 542

2020-10-02T22:53:07+00:00 CRITICAL Uncaught Error: Call to undefined function themerex_strlen() in /Users/xinyin/Project/bryan/7samuraisakeonline.com.au/wp-content/plugins/trx_utils/trx_utils.php:542
Stack trace:
#0 /Users/xinyin/Project/bryan/7samuraisakeonline.com.au/wp-content/plugins/trx_utils/trx_utils.php(557): themerex_strtoproper('widgets')
#1 /Users/xinyin/Project/bryan/7samuraisakeonline.com.au/wp-content/plugins/trx_utils/widgets/recent_posts.php(39): themerex_add_thumb_sizes(Array)
#2 /Users/xinyin/Project/bryan/7samuraisakeonline.com.au/wp-includes/class-wp-widget-factory.php(61): themerex_widget_recent_posts->__construct()
#3 /Users/xinyin/Project/bryan/7samuraisakeonline.com.au/wp-includes/widgets.php(115): WP_Widget_Factory->register('themerex_widget...')
#4 /Users/xinyin/Project/bryan/7samuraisakeonline.com.au/wp-content/plugins/trx_utils/widgets/recent_posts.php(11): register_widget('themerex_widget...')
#5 /Users/xinyin/Project/bryan/7samuraisakeonline.com.au/wp-includes/class-wp-hook.php(287): themerex_widget_recent_posts_l in /Users/xinyin/Project/bryan/7samuraisakeonline.com.au/wp-content/plugins/trx_utils/trx_utils.php on line 542

2020-10-02T22:54:39+00:00 CRITICAL Uncaught Error: Call to undefined function themerex_strlen() in /Users/xinyin/Project/bryan/7samuraisakeonline.com.au/wp-content/plugins/trx_utils/trx_utils.php:542
Stack trace:
#0 /Users/xinyin/Project/bryan/7samuraisakeonline.com.au/wp-content/plugins/trx_utils/trx_utils.php(557): themerex_strtoproper('widgets')
#1 /Users/xinyin/Project/bryan/7samuraisakeonline.com.au/wp-content/plugins/trx_utils/widgets/recent_posts.php(39): themerex_add_thumb_sizes(Array)
#2 /Users/xinyin/Project/bryan/7samuraisakeonline.com.au/wp-includes/class-wp-widget-factory.php(61): themerex_widget_recent_posts->__construct()
#3 /Users/xinyin/Project/bryan/7samuraisakeonline.com.au/wp-includes/widgets.php(115): WP_Widget_Factory->register('themerex_widget...')
#4 /Users/xinyin/Project/bryan/7samuraisakeonline.com.au/wp-content/plugins/trx_utils/widgets/recent_posts.php(11): register_widget('themerex_widget...')
#5 /Users/xinyin/Project/bryan/7samuraisakeonline.com.au/wp-includes/class-wp-hook.php(287): themerex_widget_recent_posts_l in /Users/xinyin/Project/bryan/7samuraisakeonline.com.au/wp-content/plugins/trx_utils/trx_utils.php on line 542

2020-10-02T22:56:39+00:00 CRITICAL Uncaught Error: Call to undefined function themerex_strlen() in /Users/xinyin/Project/bryan/7samuraisakeonline.com.au/wp-content/plugins/trx_utils/trx_utils.php:542
Stack trace:
#0 /Users/xinyin/Project/bryan/7samuraisakeonline.com.au/wp-content/plugins/trx_utils/trx_utils.php(557): themerex_strtoproper('widgets')
#1 /Users/xinyin/Project/bryan/7samuraisakeonline.com.au/wp-content/plugins/trx_utils/widgets/recent_posts.php(39): themerex_add_thumb_sizes(Array)
#2 /Users/xinyin/Project/bryan/7samuraisakeonline.com.au/wp-includes/class-wp-widget-factory.php(61): themerex_widget_recent_posts->__construct()
#3 /Users/xinyin/Project/bryan/7samuraisakeonline.com.au/wp-includes/widgets.php(115): WP_Widget_Factory->register('themerex_widget...')
#4 /Users/xinyin/Project/bryan/7samuraisakeonline.com.au/wp-content/plugins/trx_utils/widgets/recent_posts.php(11): register_widget('themerex_widget...')
#5 /Users/xinyin/Project/bryan/7samuraisakeonline.com.au/wp-includes/class-wp-hook.php(287): themerex_widget_recent_posts_l in /Users/xinyin/Project/bryan/7samuraisakeonline.com.au/wp-content/plugins/trx_utils/trx_utils.php on line 542

2020-10-02T22:57:40+00:00 CRITICAL Uncaught Error: Call to undefined function themerex_strlen() in /Users/xinyin/Project/bryan/7samuraisakeonline.com.au/wp-content/plugins/trx_utils/trx_utils.php:542
Stack trace:
#0 /Users/xinyin/Project/bryan/7samuraisakeonline.com.au/wp-content/plugins/trx_utils/trx_utils.php(557): themerex_strtoproper('widgets')
#1 /Users/xinyin/Project/bryan/7samuraisakeonline.com.au/wp-content/plugins/trx_utils/widgets/recent_posts.php(39): themerex_add_thumb_sizes(Array)
#2 /Users/xinyin/Project/bryan/7samuraisakeonline.com.au/wp-includes/class-wp-widget-factory.php(61): themerex_widget_recent_posts->__construct()
#3 /Users/xinyin/Project/bryan/7samuraisakeonline.com.au/wp-includes/widgets.php(115): WP_Widget_Factory->register('themerex_widget...')
#4 /Users/xinyin/Project/bryan/7samuraisakeonline.com.au/wp-content/plugins/trx_utils/widgets/recent_posts.php(11): register_widget('themerex_widget...')
#5 /Users/xinyin/Project/bryan/7samuraisakeonline.com.au/wp-includes/class-wp-hook.php(287): themerex_widget_recent_posts_l in /Users/xinyin/Project/bryan/7samuraisakeonline.com.au/wp-content/plugins/trx_utils/trx_utils.php on line 542

2020-10-02T22:59:41+00:00 CRITICAL Uncaught Error: Call to undefined function themerex_strlen() in /Users/xinyin/Project/bryan/7samuraisakeonline.com.au/wp-content/plugins/trx_utils/trx_utils.php:542
Stack trace:
#0 /Users/xinyin/Project/bryan/7samuraisakeonline.com.au/wp-content/plugins/trx_utils/trx_utils.php(557): themerex_strtoproper('widgets')
#1 /Users/xinyin/Project/bryan/7samuraisakeonline.com.au/wp-content/plugins/trx_utils/widgets/recent_posts.php(39): themerex_add_thumb_sizes(Array)
#2 /Users/xinyin/Project/bryan/7samuraisakeonline.com.au/wp-includes/class-wp-widget-factory.php(61): themerex_widget_recent_posts->__construct()
#3 /Users/xinyin/Project/bryan/7samuraisakeonline.com.au/wp-includes/widgets.php(115): WP_Widget_Factory->register('themerex_widget...')
#4 /Users/xinyin/Project/bryan/7samuraisakeonline.com.au/wp-content/plugins/trx_utils/widgets/recent_posts.php(11): register_widget('themerex_widget...')
#5 /Users/xinyin/Project/bryan/7samuraisakeonline.com.au/wp-includes/class-wp-hook.php(287): themerex_widget_recent_posts_l in /Users/xinyin/Project/bryan/7samuraisakeonline.com.au/wp-content/plugins/trx_utils/trx_utils.php on line 542

2020-10-02T23:01:42+00:00 CRITICAL Uncaught Error: Call to undefined function themerex_strlen() in /Users/xinyin/Project/bryan/7samuraisakeonline.com.au/wp-content/plugins/trx_utils/trx_utils.php:542
Stack trace:
#0 /Users/xinyin/Project/bryan/7samuraisakeonline.com.au/wp-content/plugins/trx_utils/trx_utils.php(557): themerex_strtoproper('widgets')
#1 /Users/xinyin/Project/bryan/7samuraisakeonline.com.au/wp-content/plugins/trx_utils/widgets/recent_posts.php(39): themerex_add_thumb_sizes(Array)
#2 /Users/xinyin/Project/bryan/7samuraisakeonline.com.au/wp-includes/class-wp-widget-factory.php(61): themerex_widget_recent_posts->__construct()
#3 /Users/xinyin/Project/bryan/7samuraisakeonline.com.au/wp-includes/widgets.php(115): WP_Widget_Factory->register('themerex_widget...')
#4 /Users/xinyin/Project/bryan/7samuraisakeonline.com.au/wp-content/plugins/trx_utils/widgets/recent_posts.php(11): register_widget('themerex_widget...')
#5 /Users/xinyin/Project/bryan/7samuraisakeonline.com.au/wp-includes/class-wp-hook.php(287): themerex_widget_recent_posts_l in /Users/xinyin/Project/bryan/7samuraisakeonline.com.au/wp-content/plugins/trx_utils/trx_utils.php on line 542

2020-10-02T23:03:44+00:00 CRITICAL Uncaught Error: Call to undefined function themerex_strlen() in /Users/xinyin/Project/bryan/7samuraisakeonline.com.au/wp-content/plugins/trx_utils/trx_utils.php:542
Stack trace:
#0 /Users/xinyin/Project/bryan/7samuraisakeonline.com.au/wp-content/plugins/trx_utils/trx_utils.php(557): themerex_strtoproper('widgets')
#1 /Users/xinyin/Project/bryan/7samuraisakeonline.com.au/wp-content/plugins/trx_utils/widgets/recent_posts.php(39): themerex_add_thumb_sizes(Array)
#2 /Users/xinyin/Project/bryan/7samuraisakeonline.com.au/wp-includes/class-wp-widget-factory.php(61): themerex_widget_recent_posts->__construct()
#3 /Users/xinyin/Project/bryan/7samuraisakeonline.com.au/wp-includes/widgets.php(115): WP_Widget_Factory->register('themerex_widget...')
#4 /Users/xinyin/Project/bryan/7samuraisakeonline.com.au/wp-content/plugins/trx_utils/widgets/recent_posts.php(11): register_widget('themerex_widget...')
#5 /Users/xinyin/Project/bryan/7samuraisakeonline.com.au/wp-includes/class-wp-hook.php(287): themerex_widget_recent_posts_l in /Users/xinyin/Project/bryan/7samuraisakeonline.com.au/wp-content/plugins/trx_utils/trx_utils.php on line 542

2020-10-02T23:05:45+00:00 CRITICAL Uncaught Error: Call to undefined function themerex_strlen() in /Users/xinyin/Project/bryan/7samuraisakeonline.com.au/wp-content/plugins/trx_utils/trx_utils.php:542
Stack trace:
#0 /Users/xinyin/Project/bryan/7samuraisakeonline.com.au/wp-content/plugins/trx_utils/trx_utils.php(557): themerex_strtoproper('widgets')
#1 /Users/xinyin/Project/bryan/7samuraisakeonline.com.au/wp-content/plugins/trx_utils/widgets/recent_posts.php(39): themerex_add_thumb_sizes(Array)
#2 /Users/xinyin/Project/bryan/7samuraisakeonline.com.au/wp-includes/class-wp-widget-factory.php(61): themerex_widget_recent_posts->__construct()
#3 /Users/xinyin/Project/bryan/7samuraisakeonline.com.au/wp-includes/widgets.php(115): WP_Widget_Factory->register('themerex_widget...')
#4 /Users/xinyin/Project/bryan/7samuraisakeonline.com.au/wp-content/plugins/trx_utils/widgets/recent_posts.php(11): register_widget('themerex_widget...')
#5 /Users/xinyin/Project/bryan/7samuraisakeonline.com.au/wp-includes/class-wp-hook.php(287): themerex_widget_recent_posts_l in /Users/xinyin/Project/bryan/7samuraisakeonline.com.au/wp-content/plugins/trx_utils/trx_utils.php on line 542

2020-10-02T23:20:21+00:00 CRITICAL Uncaught Error: Call to undefined function themerex_strlen() in /Users/xinyin/Project/bryan/7samuraisakeonline.com.au/wp-content/plugins/trx_utils/trx_utils.php:542
Stack trace:
#0 /Users/xinyin/Project/bryan/7samuraisakeonline.com.au/wp-content/plugins/trx_utils/trx_utils.php(557): themerex_strtoproper('widgets')
#1 /Users/xinyin/Project/bryan/7samuraisakeonline.com.au/wp-content/plugins/trx_utils/widgets/recent_posts.php(39): themerex_add_thumb_sizes(Array)
#2 /Users/xinyin/Project/bryan/7samuraisakeonline.com.au/wp-includes/class-wp-widget-factory.php(61): themerex_widget_recent_posts->__construct()
#3 /Users/xinyin/Project/bryan/7samuraisakeonline.com.au/wp-includes/widgets.php(115): WP_Widget_Factory->register('themerex_widget...')
#4 /Users/xinyin/Project/bryan/7samuraisakeonline.com.au/wp-content/plugins/trx_utils/widgets/recent_posts.php(11): register_widget('themerex_widget...')
#5 /Users/xinyin/Project/bryan/7samuraisakeonline.com.au/wp-includes/class-wp-hook.php(287): themerex_widget_recent_posts_l in /Users/xinyin/Project/bryan/7samuraisakeonline.com.au/wp-content/plugins/trx_utils/trx_utils.php on line 542

2020-10-02T23:22:20+00:00 CRITICAL Uncaught Error: Call to undefined function themerex_strlen() in /Users/xinyin/Project/bryan/7samuraisakeonline.com.au/wp-content/plugins/trx_utils/trx_utils.php:542
Stack trace:
#0 /Users/xinyin/Project/bryan/7samuraisakeonline.com.au/wp-content/plugins/trx_utils/trx_utils.php(557): themerex_strtoproper('widgets')
#1 /Users/xinyin/Project/bryan/7samuraisakeonline.com.au/wp-content/plugins/trx_utils/widgets/recent_posts.php(39): themerex_add_thumb_sizes(Array)
#2 /Users/xinyin/Project/bryan/7samuraisakeonline.com.au/wp-includes/class-wp-widget-factory.php(61): themerex_widget_recent_posts->__construct()
#3 /Users/xinyin/Project/bryan/7samuraisakeonline.com.au/wp-includes/widgets.php(115): WP_Widget_Factory->register('themerex_widget...')
#4 /Users/xinyin/Project/bryan/7samuraisakeonline.com.au/wp-content/plugins/trx_utils/widgets/recent_posts.php(11): register_widget('themerex_widget...')
#5 /Users/xinyin/Project/bryan/7samuraisakeonline.com.au/wp-includes/class-wp-hook.php(287): themerex_widget_recent_posts_l in /Users/xinyin/Project/bryan/7samuraisakeonline.com.au/wp-content/plugins/trx_utils/trx_utils.php on line 542

2020-10-02T23:24:20+00:00 CRITICAL Uncaught Error: Call to undefined function themerex_strlen() in /Users/xinyin/Project/bryan/7samuraisakeonline.com.au/wp-content/plugins/trx_utils/trx_utils.php:542
Stack trace:
#0 /Users/xinyin/Project/bryan/7samuraisakeonline.com.au/wp-content/plugins/trx_utils/trx_utils.php(557): themerex_strtoproper('widgets')
#1 /Users/xinyin/Project/bryan/7samuraisakeonline.com.au/wp-content/plugins/trx_utils/widgets/recent_posts.php(39): themerex_add_thumb_sizes(Array)
#2 /Users/xinyin/Project/bryan/7samuraisakeonline.com.au/wp-includes/class-wp-widget-factory.php(61): themerex_widget_recent_posts->__construct()
#3 /Users/xinyin/Project/bryan/7samuraisakeonline.com.au/wp-includes/widgets.php(115): WP_Widget_Factory->register('themerex_widget...')
#4 /Users/xinyin/Project/bryan/7samuraisakeonline.com.au/wp-content/plugins/trx_utils/widgets/recent_posts.php(11): register_widget('themerex_widget...')
#5 /Users/xinyin/Project/bryan/7samuraisakeonline.com.au/wp-includes/class-wp-hook.php(287): themerex_widget_recent_posts_l in /Users/xinyin/Project/bryan/7samuraisakeonline.com.au/wp-content/plugins/trx_utils/trx_utils.php on line 542

2020-10-02T23:26:21+00:00 CRITICAL Uncaught Error: Call to undefined function themerex_strlen() in /Users/xinyin/Project/bryan/7samuraisakeonline.com.au/wp-content/plugins/trx_utils/trx_utils.php:542
Stack trace:
#0 /Users/xinyin/Project/bryan/7samuraisakeonline.com.au/wp-content/plugins/trx_utils/trx_utils.php(557): themerex_strtoproper('widgets')
#1 /Users/xinyin/Project/bryan/7samuraisakeonline.com.au/wp-content/plugins/trx_utils/widgets/recent_posts.php(39): themerex_add_thumb_sizes(Array)
#2 /Users/xinyin/Project/bryan/7samuraisakeonline.com.au/wp-includes/class-wp-widget-factory.php(61): themerex_widget_recent_posts->__construct()
#3 /Users/xinyin/Project/bryan/7samuraisakeonline.com.au/wp-includes/widgets.php(115): WP_Widget_Factory->register('themerex_widget...')
#4 /Users/xinyin/Project/bryan/7samuraisakeonline.com.au/wp-content/plugins/trx_utils/widgets/recent_posts.php(11): register_widget('themerex_widget...')
#5 /Users/xinyin/Project/bryan/7samuraisakeonline.com.au/wp-includes/class-wp-hook.php(287): themerex_widget_recent_posts_l in /Users/xinyin/Project/bryan/7samuraisakeonline.com.au/wp-content/plugins/trx_utils/trx_utils.php on line 542

2020-10-02T23:28:23+00:00 CRITICAL Uncaught Error: Call to undefined function themerex_strlen() in /Users/xinyin/Project/bryan/7samuraisakeonline.com.au/wp-content/plugins/trx_utils/trx_utils.php:542
Stack trace:
#0 /Users/xinyin/Project/bryan/7samuraisakeonline.com.au/wp-content/plugins/trx_utils/trx_utils.php(557): themerex_strtoproper('widgets')
#1 /Users/xinyin/Project/bryan/7samuraisakeonline.com.au/wp-content/plugins/trx_utils/widgets/recent_posts.php(39): themerex_add_thumb_sizes(Array)
#2 /Users/xinyin/Project/bryan/7samuraisakeonline.com.au/wp-includes/class-wp-widget-factory.php(61): themerex_widget_recent_posts->__construct()
#3 /Users/xinyin/Project/bryan/7samuraisakeonline.com.au/wp-includes/widgets.php(115): WP_Widget_Factory->register('themerex_widget...')
#4 /Users/xinyin/Project/bryan/7samuraisakeonline.com.au/wp-content/plugins/trx_utils/widgets/recent_posts.php(11): register_widget('themerex_widget...')
#5 /Users/xinyin/Project/bryan/7samuraisakeonline.com.au/wp-includes/class-wp-hook.php(287): themerex_widget_recent_posts_l in /Users/xinyin/Project/bryan/7samuraisakeonline.com.au/wp-content/plugins/trx_utils/trx_utils.php on line 542

2020-10-02T23:30:23+00:00 CRITICAL Uncaught Error: Call to undefined function themerex_strlen() in /Users/xinyin/Project/bryan/7samuraisakeonline.com.au/wp-content/plugins/trx_utils/trx_utils.php:542
Stack trace:
#0 /Users/xinyin/Project/bryan/7samuraisakeonline.com.au/wp-content/plugins/trx_utils/trx_utils.php(557): themerex_strtoproper('widgets')
#1 /Users/xinyin/Project/bryan/7samuraisakeonline.com.au/wp-content/plugins/trx_utils/widgets/recent_posts.php(39): themerex_add_thumb_sizes(Array)
#2 /Users/xinyin/Project/bryan/7samuraisakeonline.com.au/wp-includes/class-wp-widget-factory.php(61): themerex_widget_recent_posts->__construct()
#3 /Users/xinyin/Project/bryan/7samuraisakeonline.com.au/wp-includes/widgets.php(115): WP_Widget_Factory->register('themerex_widget...')
#4 /Users/xinyin/Project/bryan/7samuraisakeonline.com.au/wp-content/plugins/trx_utils/widgets/recent_posts.php(11): register_widget('themerex_widget...')
#5 /Users/xinyin/Project/bryan/7samuraisakeonline.com.au/wp-includes/class-wp-hook.php(287): themerex_widget_recent_posts_l in /Users/xinyin/Project/bryan/7samuraisakeonline.com.au/wp-content/plugins/trx_utils/trx_utils.php on line 542

